[ 2017-01-05T11:18:57+08:00 ] 127.0.0.1 /12-26shop/index.php/admin
INFO: [ app_init ] --START--
INFO: Run Behavior\BuildLiteBehavior [ RunTime:0.000000s ]
INFO: [ app_init ] --END-- [ RunTime:0.000000s ]
INFO: [ app_begin ] --START--
INFO: Run Behavior\ReadHtmlCacheBehavior [ RunTime:0.001000s ]
INFO: [ app_begin ] --END-- [ RunTime:0.001000s ]
INFO: [ app_end ] --START--
INFO: Run Behavior\ShowPageTraceBehavior [ RunTime:0.001000s ]
INFO: [ app_end ] --END-- [ RunTime:0.001000s ]

[ 2017-01-05T11:18:58+08:00 ] 127.0.0.1 /12-26shop/Admin/Denglu/verifyImg
INFO: [ app_init ] --START--
INFO: Run Behavior\BuildLiteBehavior [ RunTime:0.000000s ]
INFO: [ app_init ] --END-- [ RunTime:0.000000s ]
INFO: [ app_begin ] --START--
INFO: Run Behavior\ReadHtmlCacheBehavior [ RunTime:0.002000s ]
INFO: [ app_begin ] --END-- [ RunTime:0.002000s ]
INFO: [ app_end ] --START--
INFO: Run Behavior\ShowPageTraceBehavior [ RunTime:0.001000s ]
INFO: [ app_end ] --END-- [ RunTime:0.001000s ]

[ 2017-01-05T11:18:59+08:00 ] 127.0.0.1 /12-26shop/index.php/admin
INFO: [ app_init ] --START--
INFO: Run Behavior\BuildLiteBehavior [ RunTime:0.000000s ]
INFO: [ app_init ] --END-- [ RunTime:0.000000s ]
INFO: [ app_begin ] --START--
INFO: Run Behavior\ReadHtmlCacheBehavior [ RunTime:0.000000s ]
INFO: [ app_begin ] --END-- [ RunTime:0.000000s ]
INFO: [ app_end ] --START--
INFO: Run Behavior\ShowPageTraceBehavior [ RunTime:0.000000s ]
INFO: [ app_end ] --END-- [ RunTime:0.000000s ]

[ 2017-01-05T15:14:57+08:00 ] 127.0.0.1 /12-26shop/index.php/Admin/Index/index
INFO: [ app_init ] --START--
INFO: Run Behavior\BuildLiteBehavior [ RunTime:0.000000s ]
INFO: [ app_init ] --END-- [ RunTime:0.000000s ]
INFO: [ app_begin ] --START--
INFO: Run Behavior\ReadHtmlCacheBehavior [ RunTime:0.000000s ]
INFO: [ app_begin ] --END-- [ RunTime:0.000000s ]
INFO: [ app_end ] --START--
INFO: Run Behavior\ShowPageTraceBehavior [ RunTime:0.000000s ]
INFO: [ app_end ] --END-- [ RunTime:0.000000s ]

[ 2017-01-05T15:14:58+08:00 ] 127.0.0.1 /12-26shop/index.php/Admin/Goods/update
INFO: [ app_init ] --START--
INFO: Run Behavior\BuildLiteBehavior [ RunTime:0.000000s ]
INFO: [ app_init ] --END-- [ RunTime:0.000000s ]
INFO: [ app_begin ] --START--
INFO: Run Behavior\ReadHtmlCacheBehavior [ RunTime:0.000000s ]
INFO: [ app_begin ] --END-- [ RunTime:0.001000s ]
NOTIC: [2048] Declaration of Admin\Controller\GoodsController::show() should be compatible with Think\Controller::show($content, $charset = '', $contentType = '', $prefix = '') D:\Bitnami\wampstack-5.6.19-0\apache2\htdocs\12-26shop\Application\Admin\Controller\GoodsController.class.php 第 128 行.
NOTIC: [8] Undefined index: id D:\Bitnami\wampstack-5.6.19-0\apache2\htdocs\12-26shop\Application\Admin\Controller\GoodsController.class.php 第 86 行.
SQL: SHOW COLUMNS FROM `sw_goods` [ RunTime:0.0000s ]
ERR: 1064:You have an error in your SQL syntax; check the manual that corresponds to your MySQL server version for the right syntax to use near ')' at line 1
 [ SQL语句 ] : SELECT * FROM `sw_goods` WHERE ( goods_id= ) 
ERR: 1064:You have an error in your SQL syntax; check the manual that corresponds to your MySQL server version for the right syntax to use near ')' at line 1
 [ SQL语句 ] : SELECT * FROM `sw_goods` WHERE ( goods_id= ) 

[ 2017-01-05T15:14:58+08:00 ] 127.0.0.1 /12-26shop/index.php/Admin/Goods/show
INFO: [ app_init ] --START--
INFO: Run Behavior\BuildLiteBehavior [ RunTime:0.000000s ]
INFO: [ app_init ] --END-- [ RunTime:0.000000s ]
INFO: [ app_begin ] --START--
INFO: Run Behavior\ReadHtmlCacheBehavior [ RunTime:0.001000s ]
INFO: [ app_begin ] --END-- [ RunTime:0.001000s ]
NOTIC: [2048] Declaration of Admin\Controller\GoodsController::show() should be compatible with Think\Controller::show($content, $charset = '', $contentType = '', $prefix = '') D:\Bitnami\wampstack-5.6.19-0\apache2\htdocs\12-26shop\Application\Admin\Controller\GoodsController.class.php 第 128 行.
SQL: SHOW COLUMNS FROM `sw_goods` [ RunTime:0.0000s ]
SQL: SELECT COUNT(*) AS tp_count FROM `sw_goods` LIMIT 1   [ RunTime:0.0000s ]
SQL: select * from sw_goods order by goods_id  desc limit 0,4 [ RunTime:0.0000s ]
INFO: [ view_parse ] --START--
NOTIC: [8] Undefined index: s_category_info D:\Bitnami\wampstack-5.6.19-0\apache2\htdocs\12-26shop\Application\Runtime\Cache\fb2fac05779a4a897433bf040c4b05d901fc1fe9.file.show.html.php 第 130 行.
NOTIC: [8] Trying to get property of non-object D:\Bitnami\wampstack-5.6.19-0\apache2\htdocs\12-26shop\Application\Runtime\Cache\fb2fac05779a4a897433bf040c4b05d901fc1fe9.file.show.html.php 第 130 行.
INFO: Run Behavior\ParseTemplateBehavior [ RunTime:0.013000s ]
INFO: [ view_parse ] --END-- [ RunTime:0.013000s ]
INFO: [ view_filter ] --START--
INFO: Run Behavior\WriteHtmlCacheBehavior [ RunTime:0.000000s ]
INFO: [ view_filter ] --END-- [ RunTime:0.000000s ]
INFO: [ app_end ] --START--
INFO: Run Behavior\ShowPageTraceBehavior [ RunTime:0.000000s ]
INFO: [ app_end ] --END-- [ RunTime:0.001000s ]

[ 2017-01-05T15:14:59+08:00 ] 127.0.0.1 /12-26shop/index.php/Admin/Goods/show.html
INFO: [ app_init ] --START--
INFO: Run Behavior\BuildLiteBehavior [ RunTime:0.000000s ]
INFO: [ app_init ] --END-- [ RunTime:0.000000s ]
INFO: [ app_begin ] --START--
INFO: Run Behavior\ReadHtmlCacheBehavior [ RunTime:0.001000s ]
INFO: [ app_begin ] --END-- [ RunTime:0.001000s ]
NOTIC: [2048] Declaration of Admin\Controller\GoodsController::show() should be compatible with Think\Controller::show($content, $charset = '', $contentType = '', $prefix = '') D:\Bitnami\wampstack-5.6.19-0\apache2\htdocs\12-26shop\Application\Admin\Controller\GoodsController.class.php 第 128 行.
SQL: SHOW COLUMNS FROM `sw_goods` [ RunTime:0.0000s ]
SQL: SELECT COUNT(*) AS tp_count FROM `sw_goods` LIMIT 1   [ RunTime:0.0000s ]
SQL: select * from sw_goods order by goods_id  desc limit 0,4 [ RunTime:0.0000s ]
INFO: [ view_parse ] --START--
NOTIC: [8] Undefined index: s_category_info D:\Bitnami\wampstack-5.6.19-0\apache2\htdocs\12-26shop\Application\Runtime\Cache\fb2fac05779a4a897433bf040c4b05d901fc1fe9.file.show.html.php 第 130 行.
NOTIC: [8] Trying to get property of non-object D:\Bitnami\wampstack-5.6.19-0\apache2\htdocs\12-26shop\Application\Runtime\Cache\fb2fac05779a4a897433bf040c4b05d901fc1fe9.file.show.html.php 第 130 行.
INFO: Run Behavior\ParseTemplateBehavior [ RunTime:0.012000s ]
INFO: [ view_parse ] --END-- [ RunTime:0.012000s ]
INFO: [ view_filter ] --START--
INFO: Run Behavior\WriteHtmlCacheBehavior [ RunTime:0.000000s ]
INFO: [ view_filter ] --END-- [ RunTime:0.000000s ]
INFO: [ app_end ] --START--
INFO: Run Behavior\ShowPageTraceBehavior [ RunTime:0.000000s ]
INFO: [ app_end ] --END-- [ RunTime:0.000000s ]

[ 2017-01-05T15:15:00+08:00 ] 127.0.0.1 /12-26shop/index.php/Admin/Goods/add
INFO: [ app_init ] --START--
INFO: Run Behavior\BuildLiteBehavior [ RunTime:0.000000s ]
INFO: [ app_init ] --END-- [ RunTime:0.000000s ]
INFO: [ app_begin ] --START--
INFO: Run Behavior\ReadHtmlCacheBehavior [ RunTime:0.000000s ]
INFO: [ app_begin ] --END-- [ RunTime:0.000000s ]
NOTIC: [2048] Declaration of Admin\Controller\GoodsController::show() should be compatible with Think\Controller::show($content, $charset = '', $contentType = '', $prefix = '') D:\Bitnami\wampstack-5.6.19-0\apache2\htdocs\12-26shop\Application\Admin\Controller\GoodsController.class.php 第 128 行.
SQL: SHOW COLUMNS FROM `sw_goods` [ RunTime:0.0140s ]
INFO: [ view_parse ] --START--
NOTIC: [8] Undefined index: s_category_info D:\Bitnami\wampstack-5.6.19-0\apache2\htdocs\12-26shop\Application\Runtime\Cache\68afe65a8818454e48379564d0621bd9fb74f9b0.file.add.html.php 第 63 行.
NOTIC: [8] Trying to get property of non-object D:\Bitnami\wampstack-5.6.19-0\apache2\htdocs\12-26shop\Application\Runtime\Cache\68afe65a8818454e48379564d0621bd9fb74f9b0.file.add.html.php 第 63 行.
NOTIC: [8] Undefined index: s_brand_info D:\Bitnami\wampstack-5.6.19-0\apache2\htdocs\12-26shop\Application\Runtime\Cache\68afe65a8818454e48379564d0621bd9fb74f9b0.file.add.html.php 第 82 行.
NOTIC: [8] Trying to get property of non-object D:\Bitnami\wampstack-5.6.19-0\apache2\htdocs\12-26shop\Application\Runtime\Cache\68afe65a8818454e48379564d0621bd9fb74f9b0.file.add.html.php 第 82 行.
INFO: Run Behavior\ParseTemplateBehavior [ RunTime:0.013001s ]
INFO: [ view_parse ] --END-- [ RunTime:0.013001s ]
INFO: [ view_filter ] --START--
INFO: Run Behavior\WriteHtmlCacheBehavior [ RunTime:0.001000s ]
INFO: [ view_filter ] --END-- [ RunTime:0.001000s ]
INFO: [ app_end ] --START--
INFO: Run Behavior\ShowPageTraceBehavior [ RunTime:0.001000s ]
INFO: [ app_end ] --END-- [ RunTime:0.001000s ]

